  [1m[35m (0.1ms)[0m  [1m[34mSELECT pg_try_advisory_lock(5879606748684865560);[0m
  [1m[36mActiveRecord::SchemaMigration Load (0.3ms)[0m  [1m[34mSELECT "schema_migrations".* FROM "schema_migrations"[0m
  [1m[36mActiveRecord::InternalMetadata Load (61.1ms)[0m  [1m[34mSELECT  "ar_internal_metadata".* FROM "ar_internal_metadata" WHERE "ar_internal_metadata"."key" = $1 LIMIT $2[0m  [["key", :environment], ["LIMIT", 1]]
  [1m[35m (0.2ms)[0m  [1m[35mBEGIN[0m
  [1m[35m (0.2ms)[0m  [1m[35mCOMMIT[0m
  [1m[35m (0.3ms)[0m  [1m[34mSELECT pg_advisory_unlock(5879606748684865560)[0m
  [1m[36mActiveRecord::SchemaMigration Load (0.3ms)[0m  [1m[34mSELECT "schema_migrations".* FROM "schema_migrations"[0m
  [1m[36mActiveRecord::SchemaMigration Load (0.3ms)[0m  [1m[34mSELECT "schema_migrations".* FROM "schema_migrations"[0m
  [1m[35m (0.2ms)[0m  [1m[34mSELECT "ar_internal_metadata"."value" FROM "ar_internal_metadata" WHERE "ar_internal_metadata"."key" = $1[0m  [["key", :environment]]
  [1m[36mActiveRecord::SchemaMigration Load (0.1ms)[0m  [1m[34mSELECT "schema_migrations".* FROM "schema_migrations"[0m
  [1m[35m (0.1ms)[0m  [1m[34mSELECT "ar_internal_metadata"."value" FROM "ar_internal_metadata" WHERE "ar_internal_metadata"."key" = $1[0m  [["key", :environment]]
  [1m[36mActiveRecord::SchemaMigration Load (0.1ms)[0m  [1m[34mSELECT "schema_migrations".* FROM "schema_migrations"[0m
  [1m[35m (0.1ms)[0m  [1m[34mSELECT "ar_internal_metadata"."value" FROM "ar_internal_metadata" WHERE "ar_internal_metadata"."key" = $1[0m  [["key", :environment]]
  [1m[35m (1257.8ms)[0m  [1m[35mDROP DATABASE IF EXISTS "eatyv-rails_development"[0m
  [1m[35m (227.3ms)[0m  [1m[35mDROP DATABASE IF EXISTS "eatyv-rails_test"[0m
  [1m[35m (1312.1ms)[0m  [1m[35mCREATE TABLE "schema_migrations" ("version" character varying PRIMARY KEY)[0m
  [1m[35m (90.0ms)[0m  [1m[35mCREATE TABLE "ar_internal_metadata" ("key" character varying PRIMARY KEY, "value" character varying, "created_at" timestamp NOT NULL, "updated_at" timestamp NOT NULL)[0m
  [1m[35m (0.8ms)[0m  [1m[34mSELECT pg_try_advisory_lock(5879606748684865560);[0m
  [1m[36mActiveRecord::SchemaMigration Load (0.9ms)[0m  [1m[34mSELECT "schema_migrations".* FROM "schema_migrations"[0m
Migrating to DeviseCreateUsers (20170328145429)
  [1m[35m (0.4ms)[0m  [1m[35mBEGIN[0m
  [1m[35m (75.1ms)[0m  [1m[35mCREATE TABLE "users" ("id" serial primary key, "email" character varying DEFAULT '' NOT NULL, "encrypted_password" character varying DEFAULT '' NOT NULL, "reset_password_token" character varying, "reset_password_sent_at" timestamp, "remember_created_at" timestamp, "sign_in_count" integer DEFAULT 0 NOT NULL, "current_sign_in_at" timestamp, "last_sign_in_at" timestamp, "current_sign_in_ip" inet, "last_sign_in_ip" inet, "created_at" timestamp NOT NULL, "updated_at" timestamp NOT NULL)[0m
  [1m[35m (38.4ms)[0m  [1m[35mCREATE UNIQUE INDEX  "index_users_on_email" ON "users"  ("email")[0m
  [1m[35m (39.9ms)[0m  [1m[35mCREATE UNIQUE INDEX  "index_users_on_reset_password_token" ON "users"  ("reset_password_token")[0m
  [1m[35mSQL (1.1ms)[0m  [1m[32mINSERT INTO "schema_migrations" ("version") VALUES ($1) RETURNING "version"[0m  [["version", "20170328145429"]]
  [1m[35m (18.0ms)[0m  [1m[35mCOMMIT[0m
Migrating to CreateRecipes (20170328151853)
  [1m[35m (0.5ms)[0m  [1m[35mBEGIN[0m
  [1m[35m (76.1ms)[0m  [1m[35mCREATE TABLE "recipes" ("id" serial primary key, "title" character varying, "price" decimal, "description" text, "created_at" timestamp NOT NULL, "updated_at" timestamp NOT NULL)[0m
  [1m[35mSQL (0.8ms)[0m  [1m[32mINSERT INTO "schema_migrations" ("version") VALUES ($1) RETURNING "version"[0m  [["version", "20170328151853"]]
  [1m[35m (13.4ms)[0m  [1m[35mCOMMIT[0m
Migrating to AddReferencesToRecipes (20170328151941)
  [1m[35m (0.5ms)[0m  [1m[35mBEGIN[0m
  [1m[35m (0.9ms)[0m  [1m[35mALTER TABLE "recipes" ADD "user_id" integer[0m
  [1m[35m (36.8ms)[0m  [1m[35mCREATE  INDEX  "index_recipes_on_user_id" ON "recipes"  ("user_id")[0m
  [1m[35m (4.9ms)[0m  [1m[35mALTER TABLE "recipes" ADD CONSTRAINT "fk_rails_9606fce865"
FOREIGN KEY ("user_id")
  REFERENCES "users" ("id")
[0m
  [1m[35mSQL (0.8ms)[0m  [1m[32mINSERT INTO "schema_migrations" ("version") VALUES ($1) RETURNING "version"[0m  [["version", "20170328151941"]]
  [1m[35m (18.1ms)[0m  [1m[35mCOMMIT[0m
Migrating to CreateReservations (20170330215532)
  [1m[35m (0.5ms)[0m  [1m[35mBEGIN[0m
  [1m[35m (427.8ms)[0m  [1m[35mCREATE TABLE "reservations" ("id" serial primary key, "first_name" character varying, "last_name" character varying, "persons" integer, "time" character varying, "message" text, "user_id" integer, "recipe_id" integer, "created_at" timestamp NOT NULL, "updated_at" timestamp NOT NULL, CONSTRAINT "fk_rails_48a92fce51"
FOREIGN KEY ("user_id")
  REFERENCES "users" ("id")
, CONSTRAINT "fk_rails_656be8b5b5"
FOREIGN KEY ("recipe_id")
  REFERENCES "recipes" ("id")
)[0m
  [1m[35m (49.8ms)[0m  [1m[35mCREATE  INDEX  "index_reservations_on_user_id" ON "reservations"  ("user_id")[0m
  [1m[35m (41.1ms)[0m  [1m[35mCREATE  INDEX  "index_reservations_on_recipe_id" ON "reservations"  ("recipe_id")[0m
  [1m[35mSQL (0.8ms)[0m  [1m[32mINSERT INTO "schema_migrations" ("version") VALUES ($1) RETURNING "version"[0m  [["version", "20170330215532"]]
  [1m[35m (13.3ms)[0m  [1m[35mCOMMIT[0m
Migrating to AddPriceToReservations (20170331091822)
  [1m[35m (0.5ms)[0m  [1m[35mBEGIN[0m
  [1m[35m (1.0ms)[0m  [1m[35mALTER TABLE "reservations" ADD "price" decimal[0m
  [1m[35mSQL (0.6ms)[0m  [1m[32mINSERT INTO "schema_migrations" ("version") VALUES ($1) RETURNING "version"[0m  [["version", "20170331091822"]]
  [1m[35m (20.2ms)[0m  [1m[35mCOMMIT[0m
Migrating to AddFinalPriceToReservations (20170331121531)
  [1m[35m (0.4ms)[0m  [1m[35mBEGIN[0m
  [1m[35m (0.8ms)[0m  [1m[35mALTER TABLE "reservations" ADD "final_price" decimal[0m
  [1m[35mSQL (0.7ms)[0m  [1m[32mINSERT INTO "schema_migrations" ("version") VALUES ($1) RETURNING "version"[0m  [["version", "20170331121531"]]
  [1m[35m (11.3ms)[0m  [1m[35mCOMMIT[0m
Migrating to CreateReviews (20170406231755)
  [1m[35m (0.4ms)[0m  [1m[35mBEGIN[0m
  [1m[35m (101.8ms)[0m  [1m[35mCREATE TABLE "reviews" ("id" serial primary key, "comment" text, "grade" integer, "user_id" integer, "recipe_id" integer, "created_at" timestamp NOT NULL, "updated_at" timestamp NOT NULL, CONSTRAINT "fk_rails_74a66bd6c5"
FOREIGN KEY ("user_id")
  REFERENCES "users" ("id")
, CONSTRAINT "fk_rails_a47e2057ed"
FOREIGN KEY ("recipe_id")
  REFERENCES "recipes" ("id")
)[0m
  [1m[35m (50.3ms)[0m  [1m[35mCREATE  INDEX  "index_reviews_on_user_id" ON "reviews"  ("user_id")[0m
  [1m[35m (51.5ms)[0m  [1m[35mCREATE  INDEX  "index_reviews_on_recipe_id" ON "reviews"  ("recipe_id")[0m
  [1m[35mSQL (0.9ms)[0m  [1m[32mINSERT INTO "schema_migrations" ("version") VALUES ($1) RETURNING "version"[0m  [["version", "20170406231755"]]
  [1m[35m (12.6ms)[0m  [1m[35mCOMMIT[0m
Migrating to AddImageToRecipes (20170408131000)
  [1m[35m (0.5ms)[0m  [1m[35mBEGIN[0m
  [1m[35m (1.1ms)[0m  [1m[35mALTER TABLE "recipes" ADD "image" character varying[0m
  [1m[35mSQL (0.8ms)[0m  [1m[32mINSERT INTO "schema_migrations" ("version") VALUES ($1) RETURNING "version"[0m  [["version", "20170408131000"]]
  [1m[35m (10.7ms)[0m  [1m[35mCOMMIT[0m
Migrating to AddFieldsToRecipes (20170512080351)
  [1m[35m (0.4ms)[0m  [1m[35mBEGIN[0m
  [1m[35m (1.0ms)[0m  [1m[35mALTER TABLE "recipes" ADD "date" character varying[0m
  [1m[35m (0.8ms)[0m  [1m[35mALTER TABLE "recipes" ADD "time" decimal[0m
  [1m[35m (0.8ms)[0m  [1m[35mALTER TABLE "recipes" ADD "street" character varying[0m
  [1m[35m (0.8ms)[0m  [1m[35mALTER TABLE "recipes" ADD "city" character varying[0m
  [1m[35m (0.7ms)[0m  [1m[35mALTER TABLE "recipes" ADD "location" character varying[0m
  [1m[35mSQL (0.7ms)[0m  [1m[32mINSERT INTO "schema_migrations" ("version") VALUES ($1) RETURNING "version"[0m  [["version", "20170512080351"]]
  [1m[35m (14.9ms)[0m  [1m[35mCOMMIT[0m
Migrating to DeviseCreateAdminUsers (20170515065031)
  [1m[35m (0.5ms)[0m  [1m[35mBEGIN[0m
  [1m[35m (96.8ms)[0m  [1m[35mCREATE TABLE "admin_users" ("id" serial primary key, "email" character varying DEFAULT '' NOT NULL, "encrypted_password" character varying DEFAULT '' NOT NULL, "reset_password_token" character varying, "reset_password_sent_at" timestamp, "remember_created_at" timestamp, "sign_in_count" integer DEFAULT 0 NOT NULL, "current_sign_in_at" timestamp, "last_sign_in_at" timestamp, "current_sign_in_ip" inet, "last_sign_in_ip" inet, "created_at" timestamp NOT NULL, "updated_at" timestamp NOT NULL)[0m
  [1m[35m (51.3ms)[0m  [1m[35mCREATE UNIQUE INDEX  "index_admin_users_on_email" ON "admin_users"  ("email")[0m
  [1m[35m (50.8ms)[0m  [1m[35mCREATE UNIQUE INDEX  "index_admin_users_on_reset_password_token" ON "admin_users"  ("reset_password_token")[0m
  [1m[35mSQL (0.7ms)[0m  [1m[32mINSERT INTO "schema_migrations" ("version") VALUES ($1) RETURNING "version"[0m  [["version", "20170515065031"]]
  [1m[35m (13.7ms)[0m  [1m[35mCOMMIT[0m
Migrating to CreateActiveAdminComments (20170515065034)
  [1m[35m (1.6ms)[0m  [1m[35mBEGIN[0m
  [1m[35m (88.4ms)[0m  [1m[35mCREATE TABLE "active_admin_comments" ("id" serial primary key, "namespace" character varying, "body" text, "resource_type" character varying, "resource_id" integer, "author_type" character varying, "author_id" integer, "created_at" timestamp NOT NULL, "updated_at" timestamp NOT NULL)[0m
  [1m[35m (43.8ms)[0m  [1m[35mCREATE  INDEX  "index_active_admin_comments_on_resource_type_and_resource_id" ON "active_admin_comments"  ("resource_type", "resource_id")[0m
  [1m[35m (86.5ms)[0m  [1m[35mCREATE  INDEX  "index_active_admin_comments_on_author_type_and_author_id" ON "active_admin_comments"  ("author_type", "author_id")[0m
  [1m[35m (50.8ms)[0m  [1m[35mCREATE  INDEX  "index_active_admin_comments_on_namespace" ON "active_admin_comments"  ("namespace")[0m
  [1m[35mSQL (0.8ms)[0m  [1m[32mINSERT INTO "schema_migrations" ("version") VALUES ($1) RETURNING "version"[0m  [["version", "20170515065034"]]
  [1m[35m (12.5ms)[0m  [1m[35mCOMMIT[0m
Migrating to AddNoPeopleToRecipes (20170521192510)
  [1m[35m (0.5ms)[0m  [1m[35mBEGIN[0m
  [1m[35m (0.8ms)[0m  [1m[35mALTER TABLE "recipes" ADD "no_people" integer[0m
  [1m[35mSQL (0.7ms)[0m  [1m[32mINSERT INTO "schema_migrations" ("version") VALUES ($1) RETURNING "version"[0m  [["version", "20170521192510"]]
  [1m[35m (21.5ms)[0m  [1m[35mCOMMIT[0m
  [1m[36mActiveRecord::InternalMetadata Load (0.9ms)[0m  [1m[34mSELECT  "ar_internal_metadata".* FROM "ar_internal_metadata" WHERE "ar_internal_metadata"."key" = $1 LIMIT $2[0m  [["key", :environment], ["LIMIT", 1]]
  [1m[35m (0.5ms)[0m  [1m[35mBEGIN[0m
  [1m[35mSQL (1.3ms)[0m  [1m[32mINSERT INTO "ar_internal_metadata" ("key", "value", "created_at", "updated_at") VALUES ($1, $2, $3, $4) RETURNING "key"[0m  [["key", "environment"], ["value", "development"], ["created_at", 2019-06-08 18:40:10 UTC], ["updated_at", 2019-06-08 18:40:10 UTC]]
  [1m[35m (20.3ms)[0m  [1m[35mCOMMIT[0m
  [1m[35m (0.9ms)[0m  [1m[34mSELECT pg_advisory_unlock(5879606748684865560)[0m
  [1m[36mActiveRecord::SchemaMigration Load (0.7ms)[0m  [1m[34mSELECT "schema_migrations".* FROM "schema_migrations"[0m
Started GET "/" for 127.0.0.1 at 2019-06-08 21:40:25 +0300
  [1m[36mActiveRecord::SchemaMigration Load (0.9ms)[0m  [1m[34mSELECT "schema_migrations".* FROM "schema_migrations"[0m
Processing by RecipesController#index as HTML
  Rendering recipes/index.html.erb within layouts/application
  [1m[36mUser Load (0.7ms)[0m  [1m[34mSELECT  "users".* FROM "users" WHERE "users"."id" = $1 ORDER BY "users"."id" ASC LIMIT $2[0m  [["id", 1], ["LIMIT", 1]]
  [1m[36mRecipe Load (3.9ms)[0m  [1m[34mSELECT  "recipes".* FROM "recipes" WHERE (lower(city) LIKE lower('%%') OR lower(city) LIKE lower('%%')) LIMIT $1 OFFSET $2[0m  [["LIMIT", 8], ["OFFSET", 0]]
  Rendered recipes/index.html.erb within layouts/application (26030.8ms)
  Rendered layouts/_nav.html.erb (0.3ms)
Completed 200 OK in 26394ms (Views: 26367.6ms | ActiveRecord: 11.6ms)


